<?xml version="1.0" encoding="UTF-8" ?>
<testsuite failures="0" time="0.001" errors="0" skipped="0" tests="1" name="com.mycompany.app.AppTest">
  <properties>
    <property name="java.runtime.name" value="Java(TM) SE Runtime Environment"/>
    <property name="sun.boot.library.path" value="D:\Users\longhu\Desktop\Work\Tools\jdk32\6\jre\bin"/>
    <property name="java.vm.version" value="20.45-b01"/>
    <property name="java.vm.vendor" value="Sun Microsystems Inc."/>
    <property name="java.vendor.url" value="http://java.sun.com/"/>
    <property name="path.separator" value=";"/>
    <property name="guice.disable.misplaced.annotation.check" value="true"/>
    <property name="java.vm.name" value="Java HotSpot(TM) Client VM"/>
    <property name="file.encoding.pkg" value="sun.io"/>
    <property name="user.country" value="JP"/>
    <property name="sun.java.launcher" value="SUN_STANDARD"/>
    <property name="sun.os.patch.level" value="Service Pack 1"/>
    <property name="java.vm.specification.name" value="Java Virtual Machine Specification"/>
    <property name="user.dir" value="D:\Users\longhu\Desktop\Work\Tools\cygwin1\home\longhu\LinuxDevelopments\Java\Maven\my-app"/>
    <property name="java.runtime.version" value="1.6.0_45-b06"/>
    <property name="java.awt.graphicsenv" value="sun.awt.Win32GraphicsEnvironment"/>
    <property name="java.endorsed.dirs" value="D:\Users\longhu\Desktop\Work\Tools\jdk32\6\jre\lib\endorsed"/>
    <property name="os.arch" value="x86"/>
    <property name="java.io.tmpdir" value="D:\Users\longhu\Desktop\Work\Tools\cygwin1\tmp\"/>
    <property name="line.separator" value="
"/>
    <property name="java.vm.specification.vendor" value="Sun Microsystems Inc."/>
    <property name="user.variant" value=""/>
    <property name="os.name" value="Windows 7"/>
    <property name="classworlds.conf" value="D:\Users\longhu\Desktop\Work\Tools\cygwin1\opt\apache-maven-3.2.5/bin/m2.conf"/>
    <property name="sun.jnu.encoding" value="MS932"/>
    <property name="java.library.path" value="D:\Users\longhu\Desktop\Work\Tools\jdk32\6\bin;C:\WINDOWS\Sun\Java\bin;C:\WINDOWS\system32;C:\WINDOWS;D:\Users\longhu\Desktop\Work\Tools\cygwin1\opt\apache-maven-3.2.5\bin;D:\Users\longhu\Desktop\Work\Tools\jdk32\6\bin;D:\Users\longhu\Desktop\Work\Tools\cygwin1\home\longhu\perl5\bin;D:\Users\longhu\Desktop\Work\Tools\cygwin1\usr\local\bin;D:\Users\longhu\Desktop\Work\Tools\cygwin1\bin;C:\ProgramData\Oracle\Java\javapath;C:\WINDOWS\system32;C:\WINDOWS;C:\WINDOWS\System32\Wbem;C:\WINDOWS\System32\WindowsPowerShell\v1.0;C:\Program Files (x86)\QuickTime\QTSystem;C:\Program Files\CapgeminiScripts\Support Tools;C:\Program Files (x86)\Common Files\Lenovo;C:\Users\longhu\AppData\Local\Programs\Python\Launcher;D:\Users\longhu\Desktop\Work\Tools\cygwin1\home\longhu\bin;."/>
    <property name="java.specification.name" value="Java Platform API Specification"/>
    <property name="java.class.version" value="50.0"/>
    <property name="sun.management.compiler" value="HotSpot Client Compiler"/>
    <property name="os.version" value="6.1"/>
    <property name="user.home" value="D:\Users\longhu"/>
    <property name="user.timezone" value="Asia/Tokyo"/>
    <property name="java.awt.printerjob" value="sun.awt.windows.WPrinterJob"/>
    <property name="file.encoding" value="MS932"/>
    <property name="java.specification.version" value="1.6"/>
    <property name="user.name" value="longhu"/>
    <property name="java.class.path" value="D:\Users\longhu\Desktop\Work\Tools\cygwin1\opt\apache-maven-3.2.5/boot/plexus-classworlds-2.5.2.jar"/>
    <property name="java.vm.specification.version" value="1.0"/>
    <property name="sun.arch.data.model" value="32"/>
    <property name="java.home" value="D:\Users\longhu\Desktop\Work\Tools\jdk32\6\jre"/>
    <property name="sun.java.command" value="org.codehaus.plexus.classworlds.launcher.Launcher package"/>
    <property name="java.specification.vendor" value="Sun Microsystems Inc."/>
    <property name="user.language" value="ja"/>
    <property name="awt.toolkit" value="sun.awt.windows.WToolkit"/>
    <property name="java.vm.info" value="mixed mode"/>
    <property name="java.version" value="1.6.0_45"/>
    <property name="java.ext.dirs" value="D:\Users\longhu\Desktop\Work\Tools\jdk32\6\jre\lib\ext;C:\WINDOWS\Sun\Java\lib\ext"/>
    <property name="sun.boot.class.path" value="D:\Users\longhu\Desktop\Work\Tools\jdk32\6\jre\lib\resources.jar;D:\Users\longhu\Desktop\Work\Tools\jdk32\6\jre\lib\rt.jar;D:\Users\longhu\Desktop\Work\Tools\jdk32\6\jre\lib\sunrsasign.jar;D:\Users\longhu\Desktop\Work\Tools\jdk32\6\jre\lib\jsse.jar;D:\Users\longhu\Desktop\Work\Tools\jdk32\6\jre\lib\jce.jar;D:\Users\longhu\Desktop\Work\Tools\jdk32\6\jre\lib\charsets.jar;D:\Users\longhu\Desktop\Work\Tools\jdk32\6\jre\lib\modules\jdk.boot.jar;D:\Users\longhu\Desktop\Work\Tools\jdk32\6\jre\classes"/>
    <property name="java.vendor" value="Sun Microsystems Inc."/>
    <property name="maven.home" value="D:\Users\longhu\Desktop\Work\Tools\cygwin1\opt\apache-maven-3.2.5"/>
    <property name="file.separator" value="\"/>
    <property name="java.vendor.url.bug" value="http://java.sun.com/cgi-bin/bugreport.cgi"/>
    <property name="sun.cpu.endian" value="little"/>
    <property name="sun.io.unicode.encoding" value="UnicodeLittle"/>
    <property name="sun.desktop" value="windows"/>
    <property name="sun.cpu.isalist" value="pentium_pro+mmx pentium_pro pentium+mmx pentium i486 i386 i86"/>
  </properties>
  <testcase time="0.001" classname="com.mycompany.app.AppTest" name="testApp"/>
</testsuite>